Performing C++ SOURCE FILE Test COMPILER_SUPPORTS_CXX11 failed with the following output:
Change Dir: D:/Solutions/MScAC Solutions/CSC2504 - Computer Graphics Solutions/computer-graphics-raster-images-master/build-debug/CMakeFiles/CMakeTmp

Run Build Command(s):C:/Program Files (x86)/Microsoft Visual Studio/2019/Community/MSBuild/Current/Bin/MSBuild.exe cmTC_e208d.vcxproj /p:Configuration=Debug /p:Platform=x64 /p:VisualStudioVersion=16.0 /v:m && Microsoft (R) Build Engine version 16.2.37902+b5aaefc9f for .NET Framework
Copyright (C) Microsoft Corporation. All rights reserved.

  Microsoft (R) C/C++ Optimizing Compiler Version 19.22.27905 for x64
  src.cxx
  Copyright (C) Microsoft Corporation.  All rights reserved.
  cl /c /Zi /W3 /WX- /diagnostics:column /Od /Ob0 /D WIN32 /D _WINDOWS /D COMPILER_SUPPORTS_CXX11 /D "CMAKE_INTDIR=\"Debug\"" /D _MBCS /Gm- /EHsc /RTC1 /MDd /GS /fp:precise /Zc:wchar_t /Zc:forScope /Zc:inline /GR /Fo"cmTC_e208d.dir\Debug\\" /Fd"cmTC_e208d.dir\Debug\vc142.pdb" /Gd /TP /errorReport:queue  -std=c++11 "D:\Solutions\MScAC Solutions\CSC2504 - Computer Graphics Solutions\computer-graphics-raster-images-master\build-debug\CMakeFiles\CMakeTmp\src.cxx"
  cl : Command line warning D9002 : ignoring unknown option '-std=c++11'
  cmTC_e208d.vcxproj -> D:\Solutions\MScAC Solutions\CSC2504 - Computer Graphics Solutions\computer-graphics-raster-images-master\build-debug\CMakeFiles\CMakeTmp\Debug\cmTC_e208d.exe


Source file was:
int main() { return 0; }
Performing C++ SOURCE FILE Test COMPILER_SUPPORTS_CXX0X failed with the following output:
Change Dir: D:/Solutions/MScAC Solutions/CSC2504 - Computer Graphics Solutions/computer-graphics-raster-images-master/build-debug/CMakeFiles/CMakeTmp

Run Build Command(s):C:/Program Files (x86)/Microsoft Visual Studio/2019/Community/MSBuild/Current/Bin/MSBuild.exe cmTC_c8a99.vcxproj /p:Configuration=Debug /p:Platform=x64 /p:VisualStudioVersion=16.0 /v:m && Microsoft (R) Build Engine version 16.2.37902+b5aaefc9f for .NET Framework
Copyright (C) Microsoft Corporation. All rights reserved.

  Microsoft (R) C/C++ Optimizing Compiler Version 19.22.27905 for x64
  src.cxx
  Copyright (C) Microsoft Corporation.  All rights reserved.
  cl /c /Zi /W3 /WX- /diagnostics:column /Od /Ob0 /D WIN32 /D _WINDOWS /D COMPILER_SUPPORTS_CXX0X /D "CMAKE_INTDIR=\"Debug\"" /D _MBCS /Gm- /EHsc /RTC1 /MDd /GS /fp:precise /Zc:wchar_t /Zc:forScope /Zc:inline /GR /Fo"cmTC_c8a99.dir\Debug\\" /Fd"cmTC_c8a99.dir\Debug\vc142.pdb" /Gd /TP /errorReport:queue  -std=c++0x "D:\Solutions\MScAC Solutions\CSC2504 - Computer Graphics Solutions\computer-graphics-raster-images-master\build-debug\CMakeFiles\CMakeTmp\src.cxx"
  cl : Command line warning D9002 : ignoring unknown option '-std=c++0x'
  cmTC_c8a99.vcxproj -> D:\Solutions\MScAC Solutions\CSC2504 - Computer Graphics Solutions\computer-graphics-raster-images-master\build-debug\CMakeFiles\CMakeTmp\Debug\cmTC_c8a99.exe


Source file was:
int main() { return 0; }
